<?xml version="1.0" encoding="UTF-8"?>
<!-- Generated by org.testng.reporters.JUnitReportReporter -->
<testsuite hostname="Insemi-539" failures="0" tests="56" name="testcases.Headermenu_TC" time="45.933" errors="0" timestamp="2025-03-24T11:53:51 IST" skipped="52">
  <testcase classname="testcases.Headermenu_TC" name="verify_redirection_AND_LandingPageValue_CvBank" time="17.347"/>
  <system-out/>
  <testcase classname="testcases.Headermenu_TC" name="verify_redirection_AND_LandingPageValue_Onboarding" time="11.687"/>
  <system-out/>
  <testcase classname="testcases.Headermenu_TC" name="mouseHover_Header_Apps_visibilityCheck_of_CvBank" time="7.984"/>
  <system-out/>
  <testcase classname="testcases.Headermenu_TC" name="mouseHover_Header_Apps_visibilityCheck_of_Onboarding" time="8.915"/>
  <system-out/>
  <testcase classname="testcases.Headermenu_TC" name="verify_redirection_AND_LandingPageValue_EMS_LetterApproval">
    <skipped/>
  </testcase> <!-- verify_redirection_AND_LandingPageValue_EMS_LetterApproval -->
  <system-out/>
  <testcase classname="testcases.Headermenu_TC" name="verify_redirection_AND_LandingPageValue_GandR_Initiation">
    <skipped/>
  </testcase> <!-- verify_redirection_AND_LandingPageValue_GandR_Initiation -->
  <system-out/>
  <testcase classname="testcases.Headermenu_TC" name="verify_redirection_AND_LandingPageValue_GandR_RatingPending">
    <skipped/>
  </testcase> <!-- verify_redirection_AND_LandingPageValue_GandR_RatingPending -->
  <system-out/>
  <testcase classname="testcases.Headermenu_TC" name="verify_redirection_AND_LandingPageValue_Recruitment_Jobs">
    <skipped/>
  </testcase> <!-- verify_redirection_AND_LandingPageValue_Recruitment_Jobs -->
  <system-out/>
  <testcase classname="testcases.Headermenu_TC" name="verify_redirection_AND_LandingPageValue_MyBills_Category">
    <skipped/>
  </testcase> <!-- verify_redirection_AND_LandingPageValue_MyBills_Category -->
  <system-out/>
  <testcase classname="testcases.Headermenu_TC" name="verify_redirection_AND_LandingPageValue_Recruitment_MyCandidates">
    <skipped/>
  </testcase> <!-- verify_redirection_AND_LandingPageValue_Recruitment_MyCandidates -->
  <system-out/>
  <testcase classname="testcases.Headermenu_TC" name="mouseHover_Header_Apps_visibilityCheck_of_MyReferral">
    <skipped/>
  </testcase> <!-- mouseHover_Header_Apps_visibilityCheck_of_MyReferral -->
  <system-out/>
  <testcase classname="testcases.Headermenu_TC" name="mouseHover_Header_Apps_visibilityCheck_of_EMS">
    <skipped/>
  </testcase> <!-- mouseHover_Header_Apps_visibilityCheck_of_EMS -->
  <system-out/>
  <testcase classname="testcases.Headermenu_TC" name="verify_redirection_AND_LandingPageValue_MyBills_FinanceApproval">
    <skipped/>
  </testcase> <!-- verify_redirection_AND_LandingPageValue_MyBills_FinanceApproval -->
  <system-out/>
  <testcase classname="testcases.Headermenu_TC" name="mouseHover_Header_Apps_visibilityCheck_of_Recruitment">
    <skipped/>
  </testcase> <!-- mouseHover_Header_Apps_visibilityCheck_of_Recruitment -->
  <system-out/>
  <testcase classname="testcases.Headermenu_TC" name="verify_redirection_AND_LandingPageValue_EMS_Termination">
    <skipped/>
  </testcase> <!-- verify_redirection_AND_LandingPageValue_EMS_Termination -->
  <system-out/>
  <testcase classname="testcases.Headermenu_TC" name="verify_redirection_AND_LandingPageValue_HrAdmin_Candidates">
    <skipped/>
  </testcase> <!-- verify_redirection_AND_LandingPageValue_HrAdmin_Candidates -->
  <system-out/>
  <testcase classname="testcases.Headermenu_TC" name="verify_redirection_AND_LandingPageValue_HrAdmin_OfferApproval">
    <skipped/>
  </testcase> <!-- verify_redirection_AND_LandingPageValue_HrAdmin_OfferApproval -->
  <system-out/>
  <testcase classname="testcases.Headermenu_TC" name="mouseHover_Header_Apps_visibilityCheck_of_Helpdesk">
    <skipped/>
  </testcase> <!-- mouseHover_Header_Apps_visibilityCheck_of_Helpdesk -->
  <system-out/>
  <testcase classname="testcases.Headermenu_TC" name="verify_redirection_AND_LandingPageValue_MyReferral_ReferredList">
    <skipped/>
  </testcase> <!-- verify_redirection_AND_LandingPageValue_MyReferral_ReferredList -->
  <system-out/>
  <testcase classname="testcases.Headermenu_TC" name="mouseHover_Header_Apps_visibilityCheck_of_MyBills">
    <skipped/>
  </testcase> <!-- mouseHover_Header_Apps_visibilityCheck_of_MyBills -->
  <system-out/>
  <testcase classname="testcases.Headermenu_TC" name="verify_redirection_AND_LandingPageValue_HrAdmin_Jobs">
    <skipped/>
  </testcase> <!-- verify_redirection_AND_LandingPageValue_HrAdmin_Jobs -->
  <system-out/>
  <testcase classname="testcases.Headermenu_TC" name="verify_redirection_AND_LandingPageValue_EMS_TerminationList">
    <skipped/>
  </testcase> <!-- verify_redirection_AND_LandingPageValue_EMS_TerminationList -->
  <system-out/>
  <testcase classname="testcases.Headermenu_TC" name="verify_redirection_AND_LandingPageValue_MyBills_DepartmentHistory">
    <skipped/>
  </testcase> <!-- verify_redirection_AND_LandingPageValue_MyBills_DepartmentHistory -->
  <system-out/>
  <testcase classname="testcases.Headermenu_TC" name="verify_redirection_AND_LandingPageValue_Users_UsersList">
    <skipped/>
  </testcase> <!-- verify_redirection_AND_LandingPageValue_Users_UsersList -->
  <system-out/>
  <testcase classname="testcases.Headermenu_TC" name="verify_redirection_AND_LandingPageValue_MyBills_BuApproval">
    <skipped/>
  </testcase> <!-- verify_redirection_AND_LandingPageValue_MyBills_BuApproval -->
  <system-out/>
  <testcase classname="testcases.Headermenu_TC" name="verify_redirection_AND_LandingPageValue_ForMyApproval">
    <skipped/>
  </testcase> <!-- verify_redirection_AND_LandingPageValue_ForMyApproval -->
  <system-out/>
  <testcase classname="testcases.Headermenu_TC" name="mouseHover_Header_Apps_visibilityCheck_of_Timesheet">
    <skipped/>
  </testcase> <!-- mouseHover_Header_Apps_visibilityCheck_of_Timesheet -->
  <system-out/>
  <testcase classname="testcases.Headermenu_TC" name="verify_redirection_AND_LandingPageValue_GandR_MyGoals">
    <skipped/>
  </testcase> <!-- verify_redirection_AND_LandingPageValue_GandR_MyGoals -->
  <system-out/>
  <testcase classname="testcases.Headermenu_TC" name="mouseHover_Header_Apps_visibilityCheck_of_Leaves">
    <skipped/>
  </testcase> <!-- mouseHover_Header_Apps_visibilityCheck_of_Leaves -->
  <system-out/>
  <testcase classname="testcases.Headermenu_TC" name="verify_redirection_AND_LandingPageValue_Hiring_OfferApproval_CDO">
    <skipped/>
  </testcase> <!-- verify_redirection_AND_LandingPageValue_Hiring_OfferApproval_CDO -->
  <system-out/>
  <testcase classname="testcases.Headermenu_TC" name="verify_redirection_AND_LandingPageValue_Hiring_JobApproval">
    <skipped/>
  </testcase> <!-- verify_redirection_AND_LandingPageValue_Hiring_JobApproval -->
  <system-out/>
  <testcase classname="testcases.Headermenu_TC" name="mouseHover_Header_Apps_visibilityCheck_of_HrAdmin">
    <skipped/>
  </testcase> <!-- mouseHover_Header_Apps_visibilityCheck_of_HrAdmin -->
  <system-out/>
  <testcase classname="testcases.Headermenu_TC" name="verify_redirection_AND_LandingPageValue_EMS_LwdRequestList">
    <skipped/>
  </testcase> <!-- verify_redirection_AND_LandingPageValue_EMS_LwdRequestList -->
  <system-out/>
  <testcase classname="testcases.Headermenu_TC" name="verify_redirection_AND_LandingPageValue_Timesheet">
    <skipped/>
  </testcase> <!-- verify_redirection_AND_LandingPageValue_Timesheet -->
  <system-out/>
  <testcase classname="testcases.Headermenu_TC" name="verify_redirection_AND_LandingPageValue_MyBills_FinanceHistory">
    <skipped/>
  </testcase> <!-- verify_redirection_AND_LandingPageValue_MyBills_FinanceHistory -->
  <system-out/>
  <testcase classname="testcases.Headermenu_TC" name="verify_redirection_AND_LandingPageValue_MyReferral_ReferralProgram">
    <skipped/>
  </testcase> <!-- verify_redirection_AND_LandingPageValue_MyReferral_ReferralProgram -->
  <system-out/>
  <testcase classname="testcases.Headermenu_TC" name="verify_redirection_AND_LandingPageValue_EMS_resignationList">
    <skipped/>
  </testcase> <!-- verify_redirection_AND_LandingPageValue_EMS_resignationList -->
  <system-out/>
  <testcase classname="testcases.Headermenu_TC" name="verify_redirection_AND_LandingPageValue_MyBills_CreateNewRequest">
    <skipped/>
  </testcase> <!-- verify_redirection_AND_LandingPageValue_MyBills_CreateNewRequest -->
  <system-out/>
  <testcase classname="testcases.Headermenu_TC" name="mouseHover_Header_Apps_visibilityCheck_of_GroupChange">
    <skipped/>
  </testcase> <!-- mouseHover_Header_Apps_visibilityCheck_of_GroupChange -->
  <system-out/>
  <testcase classname="testcases.Headermenu_TC" name="verify_redirection_AND_LandingPageValue_EMS_ClearanceAssignment">
    <skipped/>
  </testcase> <!-- verify_redirection_AND_LandingPageValue_EMS_ClearanceAssignment -->
  <system-out/>
  <testcase classname="testcases.Headermenu_TC" name="verify_redirection_AND_LandingPageValue_Helpdesk">
    <skipped/>
  </testcase> <!-- verify_redirection_AND_LandingPageValue_Helpdesk -->
  <system-out/>
  <testcase classname="testcases.Headermenu_TC" name="verify_redirection_AND_LandingPageValue_MyLeaveHistory">
    <skipped/>
  </testcase> <!-- verify_redirection_AND_LandingPageValue_MyLeaveHistory -->
  <system-out/>
  <testcase classname="testcases.Headermenu_TC" name="verify_redirection_AND_LandingPageValue_EMS_ResignationbehalfEmp">
    <skipped/>
  </testcase> <!-- verify_redirection_AND_LandingPageValue_EMS_ResignationbehalfEmp -->
  <system-out/>
  <testcase classname="testcases.Headermenu_TC" name="verify_redirection_AND_LandingPageValue_ApplyLeaves">
    <skipped/>
  </testcase> <!-- verify_redirection_AND_LandingPageValue_ApplyLeaves -->
  <system-out/>
  <testcase classname="testcases.Headermenu_TC" name="mouseHover_Header_Apps_visibilityCheck_of_Hiring">
    <skipped/>
  </testcase> <!-- mouseHover_Header_Apps_visibilityCheck_of_Hiring -->
  <system-out/>
  <testcase classname="testcases.Headermenu_TC" name="verify_redirection_AND_LandingPageValue_MyBills_BuHistory">
    <skipped/>
  </testcase> <!-- verify_redirection_AND_LandingPageValue_MyBills_BuHistory -->
  <system-out/>
  <testcase classname="testcases.Headermenu_TC" name="verify_redirection_AND_LandingPageValue_EMS_RelievingClearance">
    <skipped/>
  </testcase> <!-- verify_redirection_AND_LandingPageValue_EMS_RelievingClearance -->
  <system-out/>
  <testcase classname="testcases.Headermenu_TC" name="verify_redirection_AND_LandingPageValue_MyBills_DepartmentApproval">
    <skipped/>
  </testcase> <!-- verify_redirection_AND_LandingPageValue_MyBills_DepartmentApproval -->
  <system-out/>
  <testcase classname="testcases.Headermenu_TC" name="verify_redirection_AND_LandingPageValue_Hiring_OfferApproval_mg1">
    <skipped/>
  </testcase> <!-- verify_redirection_AND_LandingPageValue_Hiring_OfferApproval_mg1 -->
  <system-out/>
  <testcase classname="testcases.Headermenu_TC" name="verify_redirection_AND_LandingPageValue_GandR_AddCustomGoals">
    <skipped/>
  </testcase> <!-- verify_redirection_AND_LandingPageValue_GandR_AddCustomGoals -->
  <system-out/>
  <testcase classname="testcases.Headermenu_TC" name="verify_redirection_AND_LandingPageValue_EMS_Resignation">
    <skipped/>
  </testcase> <!-- verify_redirection_AND_LandingPageValue_EMS_Resignation -->
  <system-out/>
  <testcase classname="testcases.Headermenu_TC" name="mouseHover_Header_Apps_visibilityCheck_of_GandR">
    <skipped/>
  </testcase> <!-- mouseHover_Header_Apps_visibilityCheck_of_GandR -->
  <system-out/>
  <testcase classname="testcases.Headermenu_TC" name="verify_redirection_AND_LandingPageValue_Hiring_OfferApproval_mg2">
    <skipped/>
  </testcase> <!-- verify_redirection_AND_LandingPageValue_Hiring_OfferApproval_mg2 -->
  <system-out/>
  <testcase classname="testcases.Headermenu_TC" name="verify_redirection_AND_LandingPageValue_MyBills_MyBillsHistory">
    <skipped/>
  </testcase> <!-- verify_redirection_AND_LandingPageValue_MyBills_MyBillsHistory -->
  <system-out/>
  <testcase classname="testcases.Headermenu_TC" name="mouseHover_Header_Apps_visibilityCheck_of_Users">
    <skipped/>
  </testcase> <!-- mouseHover_Header_Apps_visibilityCheck_of_Users -->
  <system-out/>
  <testcase classname="testcases.Headermenu_TC" name="verify_redirection_AND_LandingPageValue_GroupChange">
    <skipped/>
  </testcase> <!-- verify_redirection_AND_LandingPageValue_GroupChange -->
  <system-out/>
</testsuite> <!-- testcases.Headermenu_TC -->
