<?xml version="1.0" encoding="UTF-8"?>
<!-- Generated by org.testng.reporters.JUnitReportReporter -->
<testsuite hostname="Insemi-539" failures="0" tests="1" name="testcases.Dummytest" time="0.016" errors="0" timestamp="2025-03-14T15:31:20 IST" skipped="0">
  <testcase classname="testcases.Dummytest" name="f" time="0.016"/>
  <system-out/>
</testsuite> <!-- testcases.Dummytest -->
