<?xml version="1.0" encoding="UTF-8"?>
<!-- Generated by org.testng.reporters.JUnitReportReporter -->
<testsuite hostname="Insemi-539" failures="0" tests="3" name="testcases.Loginpage_TC" time="23.200" errors="0" timestamp="2025-03-04T15:47:54 IST" skipped="0">
  <testcase classname="testcases.Loginpage_TC" name="Validate_dashboardURL_afterLogin" time="12.187"/>
  <system-out/>
  <testcase classname="testcases.Loginpage_TC" name="print_url" time="4.941"/>
  <system-out/>
  <testcase classname="testcases.Loginpage_TC" name="Validate_dashboardElement_afterLogin" time="6.072"/>
  <system-out/>
</testsuite> <!-- testcases.Loginpage_TC -->
