<?xml version="1.0" encoding="UTF-8"?>
<!-- Generated by org.testng.reporters.JUnitReportReporter -->
<testsuite hostname="Insemi-539" failures="0" tests="25" name="testcases.Headermenu_TC" time="25.181" errors="0" timestamp="2025-03-12T10:08:30 IST" skipped="24">
  <testcase classname="testcases.Headermenu_TC" name="verify_redirection_AND_LandingPageValue_MyReferral_ReferralProgram" time="25.181"/>
  <system-out/>
  <testcase classname="testcases.Headermenu_TC" name="mouseHover_Header_Apps_visibilityCheck_of_Leaves">
    <skipped/>
  </testcase> <!-- mouseHover_Header_Apps_visibilityCheck_of_Leaves -->
  <system-out/>
  <testcase classname="testcases.Headermenu_TC" name="verify_redirection_AND_LandingPageValue_GandR_RatingPending">
    <skipped/>
  </testcase> <!-- verify_redirection_AND_LandingPageValue_GandR_RatingPending -->
  <system-out/>
  <testcase classname="testcases.Headermenu_TC" name="verify_redirection_AND_LandingPageValue_GandR_Initiation">
    <skipped/>
  </testcase> <!-- verify_redirection_AND_LandingPageValue_GandR_Initiation -->
  <system-out/>
  <testcase classname="testcases.Headermenu_TC" name="mouseHover_Header_Apps_visibilityCheck_of_MyBills">
    <skipped/>
  </testcase> <!-- mouseHover_Header_Apps_visibilityCheck_of_MyBills -->
  <system-out/>
  <testcase classname="testcases.Headermenu_TC" name="verify_redirection_AND_LandingPageValue_MyBills_BuHistory">
    <skipped/>
  </testcase> <!-- verify_redirection_AND_LandingPageValue_MyBills_BuHistory -->
  <system-out/>
  <testcase classname="testcases.Headermenu_TC" name="verify_redirection_AND_LandingPageValue_MyBills_Category">
    <skipped/>
  </testcase> <!-- verify_redirection_AND_LandingPageValue_MyBills_Category -->
  <system-out/>
  <testcase classname="testcases.Headermenu_TC" name="verify_redirection_AND_LandingPageValue_Timesheet">
    <skipped/>
  </testcase> <!-- verify_redirection_AND_LandingPageValue_Timesheet -->
  <system-out/>
  <testcase classname="testcases.Headermenu_TC" name="verify_redirection_AND_LandingPageValue_MyBills_DepartmentApproval">
    <skipped/>
  </testcase> <!-- verify_redirection_AND_LandingPageValue_MyBills_DepartmentApproval -->
  <system-out/>
  <testcase classname="testcases.Headermenu_TC" name="verify_redirection_AND_LandingPageValue_MyBills_FinanceHistory">
    <skipped/>
  </testcase> <!-- verify_redirection_AND_LandingPageValue_MyBills_FinanceHistory -->
  <system-out/>
  <testcase classname="testcases.Headermenu_TC" name="mouseHover_Header_Apps_visibilityCheck_of_MyReferral">
    <skipped/>
  </testcase> <!-- mouseHover_Header_Apps_visibilityCheck_of_MyReferral -->
  <system-out/>
  <testcase classname="testcases.Headermenu_TC" name="verify_redirection_AND_LandingPageValue_MyBills_DepartmentHistory">
    <skipped/>
  </testcase> <!-- verify_redirection_AND_LandingPageValue_MyBills_DepartmentHistory -->
  <system-out/>
  <testcase classname="testcases.Headermenu_TC" name="verify_redirection_AND_LandingPageValue_MyBills_CreateNewRequest">
    <skipped/>
  </testcase> <!-- verify_redirection_AND_LandingPageValue_MyBills_CreateNewRequest -->
  <system-out/>
  <testcase classname="testcases.Headermenu_TC" name="verify_redirection_AND_LandingPageValue_GandR_AddCustomGoals">
    <skipped/>
  </testcase> <!-- verify_redirection_AND_LandingPageValue_GandR_AddCustomGoals -->
  <system-out/>
  <testcase classname="testcases.Headermenu_TC" name="mouseHover_Header_Apps_visibilityCheck_of_GroupChange">
    <skipped/>
  </testcase> <!-- mouseHover_Header_Apps_visibilityCheck_of_GroupChange -->
  <system-out/>
  <testcase classname="testcases.Headermenu_TC" name="verify_redirection_AND_LandingPageValue_MyBills_FinanceApproval">
    <skipped/>
  </testcase> <!-- verify_redirection_AND_LandingPageValue_MyBills_FinanceApproval -->
  <system-out/>
  <testcase classname="testcases.Headermenu_TC" name="mouseHover_Header_Apps_visibilityCheck_of_GandR">
    <skipped/>
  </testcase> <!-- mouseHover_Header_Apps_visibilityCheck_of_GandR -->
  <system-out/>
  <testcase classname="testcases.Headermenu_TC" name="verify_redirection_AND_LandingPageValue_MyBills_BuApproval">
    <skipped/>
  </testcase> <!-- verify_redirection_AND_LandingPageValue_MyBills_BuApproval -->
  <system-out/>
  <testcase classname="testcases.Headermenu_TC" name="verify_redirection_AND_LandingPageValue_MyLeaveHistory">
    <skipped/>
  </testcase> <!-- verify_redirection_AND_LandingPageValue_MyLeaveHistory -->
  <system-out/>
  <testcase classname="testcases.Headermenu_TC" name="verify_redirection_AND_LandingPageValue_ApplyLeaves">
    <skipped/>
  </testcase> <!-- verify_redirection_AND_LandingPageValue_ApplyLeaves -->
  <system-out/>
  <testcase classname="testcases.Headermenu_TC" name="verify_redirection_AND_LandingPageValue_MyBills_MyBillsHistory">
    <skipped/>
  </testcase> <!-- verify_redirection_AND_LandingPageValue_MyBills_MyBillsHistory -->
  <system-out/>
  <testcase classname="testcases.Headermenu_TC" name="verify_redirection_AND_LandingPageValue_ForMyApproval">
    <skipped/>
  </testcase> <!-- verify_redirection_AND_LandingPageValue_ForMyApproval -->
  <system-out/>
  <testcase classname="testcases.Headermenu_TC" name="mouseHover_Header_Apps_visibilityCheck_of_Timesheet">
    <skipped/>
  </testcase> <!-- mouseHover_Header_Apps_visibilityCheck_of_Timesheet -->
  <system-out/>
  <testcase classname="testcases.Headermenu_TC" name="verify_redirection_AND_LandingPageValue_GandR_MyGoals">
    <skipped/>
  </testcase> <!-- verify_redirection_AND_LandingPageValue_GandR_MyGoals -->
  <system-out/>
  <testcase classname="testcases.Headermenu_TC" name="verify_redirection_AND_LandingPageValue_GroupChange">
    <skipped/>
  </testcase> <!-- verify_redirection_AND_LandingPageValue_GroupChange -->
  <system-out/>
</testsuite> <!-- testcases.Headermenu_TC -->
