<?xml version="1.0" encoding="UTF-8"?>
<!-- Generated by org.testng.reporters.JUnitReportReporter -->
<testsuite hostname="Insemi-539" failures="0" tests="85" name="testcases.Headermenu_TC" time="21.102" errors="0" timestamp="2025-06-18T12:36:28 IST" skipped="83">
  <testcase classname="testcases.Headermenu_TC" name="mouseHover_Header_Apps_visibilityCheck_of_ManagerFB" time="9.808"/>
  <system-out/>
  <testcase classname="testcases.Headermenu_TC" name="verify_redirection_AND_LandingPageValue_ManagerFB_BuPage" time="11.294"/>
  <system-out/>
  <testcase classname="testcases.Headermenu_TC" name="verify_redirection_AND_LandingPageValue_EMS_LetterApproval">
    <skipped/>
  </testcase> <!-- verify_redirection_AND_LandingPageValue_EMS_LetterApproval -->
  <system-out/>
  <testcase classname="testcases.Headermenu_TC" name="verify_redirection_AND_LandingPageValue_GandR_Initiation">
    <skipped/>
  </testcase> <!-- verify_redirection_AND_LandingPageValue_GandR_Initiation -->
  <system-out/>
  <testcase classname="testcases.Headermenu_TC" name="verify_redirection_AND_LandingPageValue_GandR_RatingPending">
    <skipped/>
  </testcase> <!-- verify_redirection_AND_LandingPageValue_GandR_RatingPending -->
  <system-out/>
  <testcase classname="testcases.Headermenu_TC" name="verify_redirection_AND_LandingPageValue_Travel_Createrequest_Accomodation">
    <skipped/>
  </testcase> <!-- verify_redirection_AND_LandingPageValue_Travel_Createrequest_Accomodation -->
  <system-out/>
  <testcase classname="testcases.Headermenu_TC" name="verify_redirection_AND_LandingPageValue_Recruitment_Jobs">
    <skipped/>
  </testcase> <!-- verify_redirection_AND_LandingPageValue_Recruitment_Jobs -->
  <system-out/>
  <testcase classname="testcases.Headermenu_TC" name="verify_redirection_AND_LandingPageValue_Travel_Createrequest_Travel">
    <skipped/>
  </testcase> <!-- verify_redirection_AND_LandingPageValue_Travel_Createrequest_Travel -->
  <system-out/>
  <testcase classname="testcases.Headermenu_TC" name="verify_redirection_AND_LandingPageValue_MyBills_Category">
    <skipped/>
  </testcase> <!-- verify_redirection_AND_LandingPageValue_MyBills_Category -->
  <system-out/>
  <testcase classname="testcases.Headermenu_TC" name="verify_redirection_AND_LandingPageValue_Recruitment_MyCandidates">
    <skipped/>
  </testcase> <!-- verify_redirection_AND_LandingPageValue_Recruitment_MyCandidates -->
  <system-out/>
  <testcase classname="testcases.Headermenu_TC" name="verify_redirection_AND_LandingPageValue_ManagerFB_ManagementView">
    <skipped/>
  </testcase> <!-- verify_redirection_AND_LandingPageValue_ManagerFB_ManagementView -->
  <system-out/>
  <testcase classname="testcases.Headermenu_TC" name="mouseHover_Header_Apps_visibilityCheck_of_MyReferral">
    <skipped/>
  </testcase> <!-- mouseHover_Header_Apps_visibilityCheck_of_MyReferral -->
  <system-out/>
  <testcase classname="testcases.Headermenu_TC" name="mouseHover_Header_Apps_visibilityCheck_of_EMS">
    <skipped/>
  </testcase> <!-- mouseHover_Header_Apps_visibilityCheck_of_EMS -->
  <system-out/>
  <testcase classname="testcases.Headermenu_TC" name="verify_redirection_AND_LandingPageValue_MyBills_FinanceApproval">
    <skipped/>
  </testcase> <!-- verify_redirection_AND_LandingPageValue_MyBills_FinanceApproval -->
  <system-out/>
  <testcase classname="testcases.Headermenu_TC" name="mouseHover_Header_Apps_visibilityCheck_of_CvBank">
    <skipped/>
  </testcase> <!-- mouseHover_Header_Apps_visibilityCheck_of_CvBank -->
  <system-out/>
  <testcase classname="testcases.Headermenu_TC" name="verify_redirection_AND_LandingPageValue_Asset_ReturnAsset">
    <skipped/>
  </testcase> <!-- verify_redirection_AND_LandingPageValue_Asset_ReturnAsset -->
  <system-out/>
  <testcase classname="testcases.Headermenu_TC" name="verify_redirection_AND_LandingPageValue_Asset_ReplaceAsset">
    <skipped/>
  </testcase> <!-- verify_redirection_AND_LandingPageValue_Asset_ReplaceAsset -->
  <system-out/>
  <testcase classname="testcases.Headermenu_TC" name="mouseHover_Header_Apps_visibilityCheck_of_Asset">
    <skipped/>
  </testcase> <!-- mouseHover_Header_Apps_visibilityCheck_of_Asset -->
  <system-out/>
  <testcase classname="testcases.Headermenu_TC" name="mouseHover_Header_Apps_visibilityCheck_of_Recruitment">
    <skipped/>
  </testcase> <!-- mouseHover_Header_Apps_visibilityCheck_of_Recruitment -->
  <system-out/>
  <testcase classname="testcases.Headermenu_TC" name="verify_redirection_AND_LandingPageValue_EMS_Termination">
    <skipped/>
  </testcase> <!-- verify_redirection_AND_LandingPageValue_EMS_Termination -->
  <system-out/>
  <testcase classname="testcases.Headermenu_TC" name="verify_redirection_AND_LandingPageValue_HrAdmin_Candidates">
    <skipped/>
  </testcase> <!-- verify_redirection_AND_LandingPageValue_HrAdmin_Candidates -->
  <system-out/>
  <testcase classname="testcases.Headermenu_TC" name="verify_redirection_AND_LandingPageValue_HrAdmin_OfferApproval">
    <skipped/>
  </testcase> <!-- verify_redirection_AND_LandingPageValue_HrAdmin_OfferApproval -->
  <system-out/>
  <testcase classname="testcases.Headermenu_TC" name="mouseHover_Header_Apps_visibilityCheck_of_Helpdesk">
    <skipped/>
  </testcase> <!-- mouseHover_Header_Apps_visibilityCheck_of_Helpdesk -->
  <system-out/>
  <testcase classname="testcases.Headermenu_TC" name="verify_redirection_AND_LandingPageValue_MyReferral_ReferredList">
    <skipped/>
  </testcase> <!-- verify_redirection_AND_LandingPageValue_MyReferral_ReferredList -->
  <system-out/>
  <testcase classname="testcases.Headermenu_TC" name="mouseHover_Header_Apps_visibilityCheck_of_MyBills">
    <skipped/>
  </testcase> <!-- mouseHover_Header_Apps_visibilityCheck_of_MyBills -->
  <system-out/>
  <testcase classname="testcases.Headermenu_TC" name="verify_redirection_AND_LandingPageValue_HrAdmin_Jobs">
    <skipped/>
  </testcase> <!-- verify_redirection_AND_LandingPageValue_HrAdmin_Jobs -->
  <system-out/>
  <testcase classname="testcases.Headermenu_TC" name="verify_redirection_AND_LandingPageValue_Asset_AssetNumberAllocation">
    <skipped/>
  </testcase> <!-- verify_redirection_AND_LandingPageValue_Asset_AssetNumberAllocation -->
  <system-out/>
  <testcase classname="testcases.Headermenu_TC" name="verify_redirection_AND_LandingPageValue_EMS_TerminationList">
    <skipped/>
  </testcase> <!-- verify_redirection_AND_LandingPageValue_EMS_TerminationList -->
  <system-out/>
  <testcase classname="testcases.Headermenu_TC" name="verify_redirection_AND_LandingPageValue_MyBills_DepartmentHistory">
    <skipped/>
  </testcase> <!-- verify_redirection_AND_LandingPageValue_MyBills_DepartmentHistory -->
  <system-out/>
  <testcase classname="testcases.Headermenu_TC" name="verify_redirection_AND_LandingPageValue_ManagerFB_RmPage">
    <skipped/>
  </testcase> <!-- verify_redirection_AND_LandingPageValue_ManagerFB_RmPage -->
  <system-out/>
  <testcase classname="testcases.Headermenu_TC" name="verify_redirection_AND_LandingPageValue_Travel_Createrequest_TravelAndAccomodation">
    <skipped/>
  </testcase> <!-- verify_redirection_AND_LandingPageValue_Travel_Createrequest_TravelAndAccomodation -->
  <system-out/>
  <testcase classname="testcases.Headermenu_TC" name="verify_redirection_AND_LandingPageValue_Users_UsersList">
    <skipped/>
  </testcase> <!-- verify_redirection_AND_LandingPageValue_Users_UsersList -->
  <system-out/>
  <testcase classname="testcases.Headermenu_TC" name="verify_redirection_AND_LandingPageValue_MyBills_BuApproval">
    <skipped/>
  </testcase> <!-- verify_redirection_AND_LandingPageValue_MyBills_BuApproval -->
  <system-out/>
  <testcase classname="testcases.Headermenu_TC" name="verify_redirection_AND_LandingPageValue_ForMyApproval">
    <skipped/>
  </testcase> <!-- verify_redirection_AND_LandingPageValue_ForMyApproval -->
  <system-out/>
  <testcase classname="testcases.Headermenu_TC" name="mouseHover_Header_Apps_visibilityCheck_of_Timesheet">
    <skipped/>
  </testcase> <!-- mouseHover_Header_Apps_visibilityCheck_of_Timesheet -->
  <system-out/>
  <testcase classname="testcases.Headermenu_TC" name="verify_redirection_AND_LandingPageValue_Travel_ForMyApproval">
    <skipped/>
  </testcase> <!-- verify_redirection_AND_LandingPageValue_Travel_ForMyApproval -->
  <system-out/>
  <testcase classname="testcases.Headermenu_TC" name="verify_redirection_AND_LandingPageValue_Travel_AccommodationBooking">
    <skipped/>
  </testcase> <!-- verify_redirection_AND_LandingPageValue_Travel_AccommodationBooking -->
  <system-out/>
  <testcase classname="testcases.Headermenu_TC" name="verify_redirection_AND_LandingPageValue_GandR_MyGoals">
    <skipped/>
  </testcase> <!-- verify_redirection_AND_LandingPageValue_GandR_MyGoals -->
  <system-out/>
  <testcase classname="testcases.Headermenu_TC" name="mouseHover_Header_Apps_visibilityCheck_of_Leaves">
    <skipped/>
  </testcase> <!-- mouseHover_Header_Apps_visibilityCheck_of_Leaves -->
  <system-out/>
  <testcase classname="testcases.Headermenu_TC" name="verify_redirection_AND_LandingPageValue_Hiring_OfferApproval_CDO">
    <skipped/>
  </testcase> <!-- verify_redirection_AND_LandingPageValue_Hiring_OfferApproval_CDO -->
  <system-out/>
  <testcase classname="testcases.Headermenu_TC" name="verify_redirection_AND_LandingPageValue_Hiring_JobApproval">
    <skipped/>
  </testcase> <!-- verify_redirection_AND_LandingPageValue_Hiring_JobApproval -->
  <system-out/>
  <testcase classname="testcases.Headermenu_TC" name="mouseHover_Header_Apps_visibilityCheck_of_HrAdmin">
    <skipped/>
  </testcase> <!-- mouseHover_Header_Apps_visibilityCheck_of_HrAdmin -->
  <system-out/>
  <testcase classname="testcases.Headermenu_TC" name="mouseHover_Header_Apps_visibilityCheck_of_LandD">
    <skipped/>
  </testcase> <!-- mouseHover_Header_Apps_visibilityCheck_of_LandD -->
  <system-out/>
  <testcase classname="testcases.Headermenu_TC" name="verify_redirection_AND_LandingPageValue_EMS_LwdRequestList">
    <skipped/>
  </testcase> <!-- verify_redirection_AND_LandingPageValue_EMS_LwdRequestList -->
  <system-out/>
  <testcase classname="testcases.Headermenu_TC" name="verify_redirection_AND_LandingPageValue_Asset_Assetprocurement">
    <skipped/>
  </testcase> <!-- verify_redirection_AND_LandingPageValue_Asset_Assetprocurement -->
  <system-out/>
  <testcase classname="testcases.Headermenu_TC" name="verify_redirection_AND_LandingPageValue_Timesheet">
    <skipped/>
  </testcase> <!-- verify_redirection_AND_LandingPageValue_Timesheet -->
  <system-out/>
  <testcase classname="testcases.Headermenu_TC" name="verify_redirection_AND_LandingPageValue_MyBills_FinanceHistory">
    <skipped/>
  </testcase> <!-- verify_redirection_AND_LandingPageValue_MyBills_FinanceHistory -->
  <system-out/>
  <testcase classname="testcases.Headermenu_TC" name="verify_redirection_AND_LandingPageValue_MyReferral_ReferralProgram">
    <skipped/>
  </testcase> <!-- verify_redirection_AND_LandingPageValue_MyReferral_ReferralProgram -->
  <system-out/>
  <testcase classname="testcases.Headermenu_TC" name="verify_redirection_AND_LandingPageValue_EMS_resignationList">
    <skipped/>
  </testcase> <!-- verify_redirection_AND_LandingPageValue_EMS_resignationList -->
  <system-out/>
  <testcase classname="testcases.Headermenu_TC" name="verify_redirection_AND_LandingPageValue_MyBills_CreateNewRequest">
    <skipped/>
  </testcase> <!-- verify_redirection_AND_LandingPageValue_MyBills_CreateNewRequest -->
  <system-out/>
  <testcase classname="testcases.Headermenu_TC" name="verify_redirection_AND_LandingPageValue_ManagerFB_AdminView">
    <skipped/>
  </testcase> <!-- verify_redirection_AND_LandingPageValue_ManagerFB_AdminView -->
  <system-out/>
  <testcase classname="testcases.Headermenu_TC" name="mouseHover_Header_Apps_visibilityCheck_of_GroupChange">
    <skipped/>
  </testcase> <!-- mouseHover_Header_Apps_visibilityCheck_of_GroupChange -->
  <system-out/>
  <testcase classname="testcases.Headermenu_TC" name="verify_redirection_AND_LandingPageValue_LandD_AllocationAndEvaluation">
    <skipped/>
  </testcase> <!-- verify_redirection_AND_LandingPageValue_LandD_AllocationAndEvaluation -->
  <system-out/>
  <testcase classname="testcases.Headermenu_TC" name="verify_redirection_AND_LandingPageValue_EMS_ClearanceAssignment">
    <skipped/>
  </testcase> <!-- verify_redirection_AND_LandingPageValue_EMS_ClearanceAssignment -->
  <system-out/>
  <testcase classname="testcases.Headermenu_TC" name="verify_redirection_AND_LandingPageValue_ManagerFB_EmployeeFeedback">
    <skipped/>
  </testcase> <!-- verify_redirection_AND_LandingPageValue_ManagerFB_EmployeeFeedback -->
  <system-out/>
  <testcase classname="testcases.Headermenu_TC" name="verify_redirection_AND_LandingPageValue_Helpdesk">
    <skipped/>
  </testcase> <!-- verify_redirection_AND_LandingPageValue_Helpdesk -->
  <system-out/>
  <testcase classname="testcases.Headermenu_TC" name="verify_redirection_AND_LandingPageValue_Travel_FlightApprovalList">
    <skipped/>
  </testcase> <!-- verify_redirection_AND_LandingPageValue_Travel_FlightApprovalList -->
  <system-out/>
  <testcase classname="testcases.Headermenu_TC" name="verify_redirection_AND_LandingPageValue_MyLeaveHistory">
    <skipped/>
  </testcase> <!-- verify_redirection_AND_LandingPageValue_MyLeaveHistory -->
  <system-out/>
  <testcase classname="testcases.Headermenu_TC" name="verify_redirection_AND_LandingPageValue_EMS_ResignationbehalfEmp">
    <skipped/>
  </testcase> <!-- verify_redirection_AND_LandingPageValue_EMS_ResignationbehalfEmp -->
  <system-out/>
  <testcase classname="testcases.Headermenu_TC" name="verify_redirection_AND_LandingPageValue_ApplyLeaves">
    <skipped/>
  </testcase> <!-- verify_redirection_AND_LandingPageValue_ApplyLeaves -->
  <system-out/>
  <testcase classname="testcases.Headermenu_TC" name="verify_redirection_AND_LandingPageValue_ManagerFB_Admin">
    <skipped/>
  </testcase> <!-- verify_redirection_AND_LandingPageValue_ManagerFB_Admin -->
  <system-out/>
  <testcase classname="testcases.Headermenu_TC" name="verify_redirection_AND_LandingPageValue_Asset_ItBuApproval">
    <skipped/>
  </testcase> <!-- verify_redirection_AND_LandingPageValue_Asset_ItBuApproval -->
  <system-out/>
  <testcase classname="testcases.Headermenu_TC" name="verify_redirection_AND_LandingPageValue_Travel_Myrequests">
    <skipped/>
  </testcase> <!-- verify_redirection_AND_LandingPageValue_Travel_Myrequests -->
  <system-out/>
  <testcase classname="testcases.Headermenu_TC" name="verify_redirection_AND_LandingPageValue_CvBank">
    <skipped/>
  </testcase> <!-- verify_redirection_AND_LandingPageValue_CvBank -->
  <system-out/>
  <testcase classname="testcases.Headermenu_TC" name="verify_redirection_AND_LandingPageValue_Onboarding">
    <skipped/>
  </testcase> <!-- verify_redirection_AND_LandingPageValue_Onboarding -->
  <system-out/>
  <testcase classname="testcases.Headermenu_TC" name="mouseHover_Header_Apps_visibilityCheck_of_Hiring">
    <skipped/>
  </testcase> <!-- mouseHover_Header_Apps_visibilityCheck_of_Hiring -->
  <system-out/>
  <testcase classname="testcases.Headermenu_TC" name="verify_redirection_AND_LandingPageValue_MyBills_BuHistory">
    <skipped/>
  </testcase> <!-- verify_redirection_AND_LandingPageValue_MyBills_BuHistory -->
  <system-out/>
  <testcase classname="testcases.Headermenu_TC" name="verify_redirection_AND_LandingPageValue_EMS_RelievingClearance">
    <skipped/>
  </testcase> <!-- verify_redirection_AND_LandingPageValue_EMS_RelievingClearance -->
  <system-out/>
  <testcase classname="testcases.Headermenu_TC" name="mouseHover_Header_Apps_visibilityCheck_of_Travel">
    <skipped/>
  </testcase> <!-- mouseHover_Header_Apps_visibilityCheck_of_Travel -->
  <system-out/>
  <testcase classname="testcases.Headermenu_TC" name="verify_redirection_AND_LandingPageValue_LandD_Reports">
    <skipped/>
  </testcase> <!-- verify_redirection_AND_LandingPageValue_LandD_Reports -->
  <system-out/>
  <testcase classname="testcases.Headermenu_TC" name="verify_redirection_AND_LandingPageValue_MyBills_DepartmentApproval">
    <skipped/>
  </testcase> <!-- verify_redirection_AND_LandingPageValue_MyBills_DepartmentApproval -->
  <system-out/>
  <testcase classname="testcases.Headermenu_TC" name="verify_redirection_AND_LandingPageValue_ManagerFB_HrHeadView">
    <skipped/>
  </testcase> <!-- verify_redirection_AND_LandingPageValue_ManagerFB_HrHeadView -->
  <system-out/>
  <testcase classname="testcases.Headermenu_TC" name="verify_redirection_AND_LandingPageValue_Travel_MasterLocation">
    <skipped/>
  </testcase> <!-- verify_redirection_AND_LandingPageValue_Travel_MasterLocation -->
  <system-out/>
  <testcase classname="testcases.Headermenu_TC" name="verify_redirection_AND_LandingPageValue_Hiring_OfferApproval_mg1">
    <skipped/>
  </testcase> <!-- verify_redirection_AND_LandingPageValue_Hiring_OfferApproval_mg1 -->
  <system-out/>
  <testcase classname="testcases.Headermenu_TC" name="verify_redirection_AND_LandingPageValue_GandR_AddCustomGoals">
    <skipped/>
  </testcase> <!-- verify_redirection_AND_LandingPageValue_GandR_AddCustomGoals -->
  <system-out/>
  <testcase classname="testcases.Headermenu_TC" name="verify_redirection_AND_LandingPageValue_Asset_AllocationRequest">
    <skipped/>
  </testcase> <!-- verify_redirection_AND_LandingPageValue_Asset_AllocationRequest -->
  <system-out/>
  <testcase classname="testcases.Headermenu_TC" name="verify_redirection_AND_LandingPageValue_EMS_Resignation">
    <skipped/>
  </testcase> <!-- verify_redirection_AND_LandingPageValue_EMS_Resignation -->
  <system-out/>
  <testcase classname="testcases.Headermenu_TC" name="mouseHover_Header_Apps_visibilityCheck_of_GandR">
    <skipped/>
  </testcase> <!-- mouseHover_Header_Apps_visibilityCheck_of_GandR -->
  <system-out/>
  <testcase classname="testcases.Headermenu_TC" name="mouseHover_Header_Apps_visibilityCheck_of_Onboarding">
    <skipped/>
  </testcase> <!-- mouseHover_Header_Apps_visibilityCheck_of_Onboarding -->
  <system-out/>
  <testcase classname="testcases.Headermenu_TC" name="verify_redirection_AND_LandingPageValue_Hiring_OfferApproval_mg2">
    <skipped/>
  </testcase> <!-- verify_redirection_AND_LandingPageValue_Hiring_OfferApproval_mg2 -->
  <system-out/>
  <testcase classname="testcases.Headermenu_TC" name="verify_redirection_AND_LandingPageValue_MyBills_MyBillsHistory">
    <skipped/>
  </testcase> <!-- verify_redirection_AND_LandingPageValue_MyBills_MyBillsHistory -->
  <system-out/>
  <testcase classname="testcases.Headermenu_TC" name="verify_redirection_AND_LandingPageValue_Travel_TravelBookingList">
    <skipped/>
  </testcase> <!-- verify_redirection_AND_LandingPageValue_Travel_TravelBookingList -->
  <system-out/>
  <testcase classname="testcases.Headermenu_TC" name="mouseHover_Header_Apps_visibilityCheck_of_Users">
    <skipped/>
  </testcase> <!-- mouseHover_Header_Apps_visibilityCheck_of_Users -->
  <system-out/>
  <testcase classname="testcases.Headermenu_TC" name="verify_redirection_AND_LandingPageValue_GroupChange">
    <skipped/>
  </testcase> <!-- verify_redirection_AND_LandingPageValue_GroupChange -->
  <system-out/>
  <testcase classname="testcases.Headermenu_TC" name="verify_redirection_AND_LandingPageValue_LandD_QuestionSetup">
    <skipped/>
  </testcase> <!-- verify_redirection_AND_LandingPageValue_LandD_QuestionSetup -->
  <system-out/>
</testsuite> <!-- testcases.Headermenu_TC -->
